<?xml version="1.0" encoding="UTF-8"?>
<!-- Generated by org.testng.reporters.JUnitXMLReporter -->
<testsuite hostname="рщл" name="Command line test" tests="5" failures="4" timestamp="11 Oct 2015 09:57:19 GMT" time="23.702" errors="0">
  <testcase name="loginTest" time="0.002" classname="NPR.npr.test.LoginTest">
    <failure type="java.lang.NullPointerException">
      <![CDATA[java.lang.NullPointerException
	at NPR.npr.test.BaseTest.navigate(BaseTest.java:35)
	at NPR.npr.test.LoginTest.loginTest(LoginTest.java:19)
... Removed 34 stack frames]]>
    </failure>
  </testcase> <!-- loginTest -->
  <testcase name="loginTest" time="0.001" classname="NPR.npr.test.MainTest">
    <failure type="java.lang.NullPointerException">
      <![CDATA[java.lang.NullPointerException
	at NPR.npr.test.BaseTest.navigate(BaseTest.java:35)
	at NPR.npr.test.LoginTest.loginTest(LoginTest.java:19)
... Removed 34 stack frames]]>
    </failure>
  </testcase> <!-- loginTest -->
  <testcase name="loginTest" time="14.661" classname="NPR.npr.test.SelectBoardTest"/>
  <testcase name="mainTest" time="0.001" classname="NPR.npr.test.MainTest">
    <failure type="java.lang.NullPointerException">
      <![CDATA[java.lang.NullPointerException
	at org.openqa.selenium.support.pagefactory.DefaultElementLocator.findElement(DefaultElementLocator.java:59)
	at org.openqa.selenium.support.pagefactory.internal.LocatingElementHandler.invoke(LocatingElementHandler.java:34)
	at com.sun.proxy.$Proxy7.click(Unknown Source)
	at pageObject.MainPage.setOneWay(MainPage.java:84)
	at NPR.npr.test.MainTest.mainTest(MainTest.java:33)
... Removed 34 stack frames]]>
    </failure>
  </testcase> <!-- mainTest -->
  <testcase name="mainTest" time="0.001" classname="NPR.npr.test.SelectBoardTest">
    <failure type="java.lang.NullPointerException">
      <![CDATA[java.lang.NullPointerException
	at org.openqa.selenium.support.pagefactory.DefaultElementLocator.findElement(DefaultElementLocator.java:59)
	at org.openqa.selenium.support.pagefactory.internal.LocatingElementHandler.invoke(LocatingElementHandler.java:34)
	at com.sun.proxy.$Proxy7.click(Unknown Source)
	at pageObject.MainPage.setOneWay(MainPage.java:84)
	at NPR.npr.test.MainTest.mainTest(MainTest.java:33)
... Removed 34 stack frames]]>
    </failure>
  </testcase> <!-- mainTest -->
</testsuite> <!-- Command line test -->
