<?xml version="1.0" encoding="UTF-8"?>
<testng-results skipped="0" failed="0" total="1" passed="1">
  <reporter-output>
  </reporter-output>
  <suite name="Default suite" duration-ms="44674" started-at="2015-10-14T07:05:35Z" finished-at="2015-10-14T07:06:20Z">
    <groups>
    </groups>
    <test name="Default test" duration-ms="44674" started-at="2015-10-14T07:05:35Z" finished-at="2015-10-14T07:06:20Z">
      <class name="NPR.npr.test.TravelTest">
        <test-method status="PASS" signature="startBrowser()[pri:0, instance:NPR.npr.test.TravelTest@ea639]" name="startBrowser" is-config="true" duration-ms="8828" started-at="2015-10-14T10:05:35Z" finished-at="2015-10-14T10:05:44Z">
          <reporter-output>
          </reporter-output>
        </test-method> <!-- startBrowser -->
        <test-method status="PASS" signature="loginTest()[pri:0, instance:NPR.npr.test.TravelTest@ea639]" name="loginTest" duration-ms="29662" started-at="2015-10-14T10:05:44Z" finished-at="2015-10-14T10:06:14Z">
          <reporter-output>
          </reporter-output>
        </test-method> <!-- loginTest -->
        <test-method status="PASS" signature="closeBrowser()[pri:0, instance:NPR.npr.test.TravelTest@ea639]" name="closeBrowser" is-config="true" duration-ms="6148" started-at="2015-10-14T10:06:14Z" finished-at="2015-10-14T10:06:20Z">
          <reporter-output>
          </reporter-output>
        </test-method> <!-- closeBrowser -->
      </class> <!-- NPR.npr.test.TravelTest -->
    </test> <!-- Default test -->
  </suite> <!-- Default suite -->
</testng-results>
